# JRE version: Java(TM) SE Runtime Environment (8.0_45-b15) (build 1.8.0_45-b15)
# Java VM: Java HotSpot(TM) 64-Bit Server VM (25.45-b02 mixed mode windows-amd64 compressed oops)
Heap:
 PSYoungGen      total 343552K, used 224841K [0x000000076ae00000, 0x0000000786c80000, 0x00000007c0000000)
  eden space 324096K, 63% used [0x000000076ae00000,0x00000007776985a0,0x000000077ea80000)
  from space 19456K, 99% used [0x000000077ea80000,0x000000077fd7a118,0x000000077fd80000)
  to   space 25088K, 0% used [0x0000000785400000,0x0000000785400000,0x0000000786c80000)
 ParOldGen       total 181248K, used 34413K [0x00000006c0a00000, 0x00000006cbb00000, 0x000000076ae00000)
  object space 181248K, 18% used [0x00000006c0a00000,0x00000006c2b9b510,0x00000006cbb00000)
 Metaspace       used 79117K, capacity 82256K, committed 82392K, reserved 1120256K
  class space    used 10393K, capacity 10926K, committed 11008K, reserved 1048576K
GC Heap History (10 events):
Event: 5.050 GC heap before
{Heap before GC invocations=8 (full 2):
 PSYoungGen      total 213504K, used 11541K [0x000000076ae00000, 0x0000000779980000, 0x00000007c0000000)
  eden space 200704K, 0% used [0x000000076ae00000,0x000000076ae00000,0x0000000777200000)
  from space 12800K, 90% used [0x0000000778000000,0x0000000778b455d0,0x0000000778c80000)
  to   space 14336K, 0% used [0x0000000777200000,0x0000000777200000,0x0000000778000000)
 ParOldGen       total 96256K, used 8116K [0x00000006c0a00000, 0x00000006c6800000, 0x000000076ae00000)
  object space 96256K, 8% used [0x00000006c0a00000,0x00000006c11ed290,0x00000006c6800000)
 Metaspace       used 33656K, capacity 35268K, committed 35416K, reserved 1079296K
  class space    used 4341K, capacity 4626K, committed 4736K, reserved 1048576K
Event: 5.101 GC heap after
Heap after GC invocations=8 (full 2):
 PSYoungGen      total 213504K, used 0K [0x000000076ae00000, 0x0000000779980000, 0x00000007c0000000)
  eden space 200704K, 0% used [0x000000076ae00000,0x000000076ae00000,0x0000000777200000)
  from space 12800K, 0% used [0x0000000778000000,0x0000000778000000,0x0000000778c80000)
  to   space 14336K, 0% used [0x0000000777200000,0x0000000777200000,0x0000000778000000)
 ParOldGen       total 133120K, used 16193K [0x00000006c0a00000, 0x00000006c8c00000, 0x000000076ae00000)
  object space 133120K, 12% used [0x00000006c0a00000,0x00000006c19d0638,0x00000006c8c00000)
 Metaspace       used 33656K, capacity 35268K, committed 35416K, reserved 1079296K
  class space    used 4341K, capacity 4626K, committed 4736K, reserved 1048576K
}
Event: 7.493 GC heap before
{Heap before GC invocations=9 (full 2):
 PSYoungGen      total 213504K, used 200704K [0x000000076ae00000, 0x0000000779980000, 0x00000007c0000000)
  eden space 200704K, 100% used [0x000000076ae00000,0x0000000777200000,0x0000000777200000)
  from space 12800K, 0% used [0x0000000778000000,0x0000000778000000,0x0000000778c80000)
  to   space 14336K, 0% used [0x0000000777200000,0x0000000777200000,0x0000000778000000)
 ParOldGen       total 133120K, used 16193K [0x00000006c0a00000, 0x00000006c8c00000, 0x000000076ae00000)
  object space 133120K, 12% used [0x00000006c0a00000,0x00000006c19d0638,0x00000006c8c00000)
 Metaspace       used 48864K, capacity 50752K, committed 51032K, reserved 1093632K
  class space    used 6633K, capacity 6980K, committed 7040K, reserved 1048576K
Event: 7.510 GC heap after
Heap after GC invocations=9 (full 2):
 PSYoungGen      total 215040K, used 14312K [0x000000076ae00000, 0x0000000781380000, 0x00000007c0000000)
  eden space 200704K, 0% used [0x000000076ae00000,0x000000076ae00000,0x0000000777200000)
  from space 14336K, 99% used [0x0000000777200000,0x0000000777ffa240,0x0000000778000000)
  to   space 18432K, 0% used [0x0000000780180000,0x0000000780180000,0x0000000781380000)
 ParOldGen       total 133120K, used 19487K [0x00000006c0a00000, 0x00000006c8c00000, 0x000000076ae00000)
  object space 133120K, 14% used [0x00000006c0a00000,0x00000006c1d07cb0,0x00000006c8c00000)
 Metaspace       used 48864K, capacity 50752K, committed 51032K, reserved 1093632K
  class space    used 6633K, capacity 6980K, committed 7040K, reserved 1048576K
}
Event: 9.007 GC heap before
{Heap before GC invocations=10 (full 2):
 PSYoungGen      total 215040K, used 118329K [0x000000076ae00000, 0x0000000781380000, 0x00000007c0000000)
  eden space 200704K, 51% used [0x000000076ae00000,0x0000000771394398,0x0000000777200000)
  from space 14336K, 99% used [0x0000000777200000,0x0000000777ffa240,0x0000000778000000)
  to   space 18432K, 0% used [0x0000000780180000,0x0000000780180000,0x0000000781380000)
 ParOldGen       total 133120K, used 19487K [0x00000006c0a00000, 0x00000006c8c00000, 0x000000076ae00000)
  object space 133120K, 14% used [0x00000006c0a00000,0x00000006c1d07cb0,0x00000006c8c00000)
 Metaspace       used 56613K, capacity 58932K, committed 58968K, reserved 1099776K
  class space    used 7678K, capacity 8058K, committed 8064K, reserved 1048576K
Event: 9.031 GC heap after
Heap after GC invocations=10 (full 2):
 PSYoungGen      total 338944K, used 14905K [0x000000076ae00000, 0x0000000781080000, 0x00000007c0000000)
  eden space 323584K, 0% used [0x000000076ae00000,0x000000076ae00000,0x000000077ea00000)
  from space 15360K, 97% used [0x0000000780180000,0x000000078100e570,0x0000000781080000)
  to   space 19456K, 0% used [0x000000077ea80000,0x000000077ea80000,0x000000077fd80000)
 ParOldGen       total 133120K, used 19495K [0x00000006c0a00000, 0x00000006c8c00000, 0x000000076ae00000)
  object space 133120K, 14% used [0x00000006c0a00000,0x00000006c1d09cb0,0x00000006c8c00000)
 Metaspace       used 56613K, capacity 58932K, committed 58968K, reserved 1099776K
  class space    used 7678K, capacity 8058K, committed 8064K, reserved 1048576K
}
Event: 9.031 GC heap before
{Heap before GC invocations=11 (full 3):
 PSYoungGen      total 338944K, used 14905K [0x000000076ae00000, 0x0000000781080000, 0x00000007c0000000)
  eden space 323584K, 0% used [0x000000076ae00000,0x000000076ae00000,0x000000077ea00000)
  from space 15360K, 97% used [0x0000000780180000,0x000000078100e570,0x0000000781080000)
  to   space 19456K, 0% used [0x000000077ea80000,0x000000077ea80000,0x000000077fd80000)
 ParOldGen       total 133120K, used 19495K [0x00000006c0a00000, 0x00000006c8c00000, 0x000000076ae00000)
  object space 133120K, 14% used [0x00000006c0a00000,0x00000006c1d09cb0,0x00000006c8c00000)
 Metaspace       used 56613K, capacity 58932K, committed 58968K, reserved 1099776K
  class space    used 7678K, capacity 8058K, committed 8064K, reserved 1048576K
Event: 9.205 GC heap after
Heap after GC invocations=11 (full 3):
 PSYoungGen      total 338944K, used 0K [0x000000076ae00000, 0x0000000781080000, 0x00000007c0000000)
  eden space 323584K, 0% used [0x000000076ae00000,0x000000076ae00000,0x000000077ea00000)
  from space 15360K, 0% used [0x0000000780180000,0x0000000780180000,0x0000000781080000)
  to   space 19456K, 0% used [0x000000077ea80000,0x000000077ea80000,0x000000077fd80000)
 ParOldGen       total 181248K, used 27750K [0x00000006c0a00000, 0x00000006cbb00000, 0x000000076ae00000)
  object space 181248K, 15% used [0x00000006c0a00000,0x00000006c2519b30,0x00000006cbb00000)
 Metaspace       used 56613K, capacity 58932K, committed 58968K, reserved 1099776K
  class space    used 7678K, capacity 8058K, committed 8064K, reserved 1048576K
}
Event: 306.963 GC heap before
{Heap before GC invocations=12 (full 3):
 PSYoungGen      total 338944K, used 323584K [0x000000076ae00000, 0x0000000781080000, 0x00000007c0000000)
  eden space 323584K, 100% used [0x000000076ae00000,0x000000077ea00000,0x000000077ea00000)
  from space 15360K, 0% used [0x0000000780180000,0x0000000780180000,0x0000000781080000)
  to   space 19456K, 0% used [0x000000077ea80000,0x000000077ea80000,0x000000077fd80000)
 ParOldGen       total 181248K, used 27750K [0x00000006c0a00000, 0x00000006cbb00000, 0x000000076ae00000)
  object space 181248K, 15% used [0x00000006c0a00000,0x00000006c2519b30,0x00000006cbb00000)
 Metaspace       used 76266K, capacity 79410K, committed 79576K, reserved 1118208K
  class space    used 10136K, capacity 10655K, committed 10752K, reserved 1048576K
Event: 306.990 GC heap after
Heap after GC invocations=12 (full 3):
 PSYoungGen      total 343552K, used 19432K [0x000000076ae00000, 0x0000000786c80000, 0x00000007c0000000)
  eden space 324096K, 0% used [0x000000076ae00000,0x000000076ae00000,0x000000077ea80000)
  from space 19456K, 99% used [0x000000077ea80000,0x000000077fd7a118,0x000000077fd80000)
  to   space 25088K, 0% used [0x0000000785400000,0x0000000785400000,0x0000000786c80000)
 ParOldGen       total 181248K, used 34413K [0x00000006c0a00000, 0x00000006cbb00000, 0x000000076ae00000)
  object space 181248K, 18% used [0x00000006c0a00000,0x00000006c2b9b510,0x00000006cbb00000)
 Metaspace       used 76266K, capacity 79410K, committed 79576K, reserved 1118208K
  class space    used 10136K, capacity 10655K, committed 10752K, reserved 1048576K
}

